Using pre-set license
Built from '2020.3/release' branch; Version is '2020.3.1f1 (77a89f25062f) revision 7841951'; Using compiler version '192528614'; Build Type 'Release'
OS: 'Windows 10 Home; OS build 22000.795; Version 2009; 64bit' Language: 'en' Physical Memory: 7778 MB
BatchMode: 1, IsHumanControllingUs: 0, StartBugReporterOnCrash: 0, Is64bit: 1, IsPro: 0

 COMMAND LINE ARGUMENTS:
C:\Program Files\Unity\Hub\Editor\2020.3.1f1\Editor\Unity.exe
-adb2
-batchMode
-noUpm
-name
AssetImportWorker0
-projectPath
C:/Users/lee98976/Downloads/Module-2-Template-main/Module-2-Template-main
-logFile
Logs/AssetImportWorker0.log
-srvPort
62426
Successfully changed project path to: C:/Users/lee98976/Downloads/Module-2-Template-main/Module-2-Template-main
C:/Users/lee98976/Downloads/Module-2-Template-main/Module-2-Template-main
Using Asset Import Pipeline V2.
Refreshing native plugins compatible for Editor in 85.83 ms, found 0 plugins.
Preloading 0 native plugins for Editor in 0.00 ms.
Initialize engine version: 2020.3.1f1 (77a89f25062f)
[Subsystems] Discovering subsystems at path C:/Program Files/Unity/Hub/Editor/2020.3.1f1/Editor/Data/Resources/UnitySubsystems
[Subsystems] Discovering subsystems at path C:/Users/lee98976/Downloads/Module-2-Template-main/Module-2-Template-main/Assets
GfxDevice: creating device client; threaded=0
Direct3D:
    Version:  Direct3D 11.0 [level 11.1]
    Renderer: Intel(R) Iris(R) Plus Graphics (ID=0x8a52)
    Vendor:   
    VRAM:     3889 MB
    Driver:   27.20.100.9621
Initialize mono
Mono path[0] = 'C:/Program Files/Unity/Hub/Editor/2020.3.1f1/Editor/Data/Managed'
Mono path[1] = 'C:/Program Files/Unity/Hub/Editor/2020.3.1f1/Editor/Data/MonoBleedingEdge/lib/mono/unityjit'
Mono config path = 'C:/Program Files/Unity/Hub/Editor/2020.3.1f1/Editor/Data/MonoBleedingEdge/etc'
Using monoOptions --debugger-agent=transport=dt_socket,embedding=1,server=y,suspend=n,address=127.0.0.1:56652
Begin MonoManager ReloadAssembly
Registering precompiled unity dll's ...
Register platform support module: C:/Program Files/Unity/Hub/Editor/2020.3.1f1/Editor/Data/PlaybackEngines/WindowsStandaloneSupport/UnityEditor.WindowsStandalone.Extensions.dll
Registered in 0.002098 seconds.
Native extension for WindowsStandalone target not found
Refreshing native plugins compatible for Editor in 70.39 ms, found 0 plugins.
Preloading 0 native plugins for Editor in 0.00 ms.
Invoked RoslynAnalysisRunner static constructor.
RoslynAnalysisRunner will not be running.
RoslynAnalysisRunner has terminated.
Mono: successfully reloaded assembly
- Completed reload, in  3.215 seconds
Platform modules already initialized, skipping
Registering precompiled user dll's ...
Registered in 0.003668 seconds.
Begin MonoManager ReloadAssembly
Native extension for WindowsStandalone target not found
Refreshing native plugins compatible for Editor in 55.26 ms, found 0 plugins.
Preloading 0 native plugins for Editor in 0.00 ms.
Invoked RoslynAnalysisRunner static constructor.
RoslynAnalysisRunner will not be running.
RoslynAnalysisRunner has terminated.
Mono: successfully reloaded assembly
- Completed reload, in  1.771 seconds
Platform modules already initialized, skipping
========================================================================
Worker process is ready to serve import requests
Launched and connected shader compiler UnityShaderCompiler.exe after 0.08 seconds
Refreshing native plugins compatible for Editor in 0.59 ms, found 0 plugins.
Preloading 0 native plugins for Editor in 0.00 ms.
Unloading 2104 Unused Serialized files (Serialized files now loaded: 0)
System memory in use before: 106.2 MB.
System memory in use after: 106.3 MB.

Unloading 25 unused Assets to reduce memory usage. Loaded Objects now: 2547.
Total: 6.047900 ms (FindLiveObjects: 0.181400 ms CreateObjectMapping: 0.056500 ms MarkObjects: 5.600600 ms  DeleteObjects: 0.207400 ms)

========================================================================
Received Import Request.
  path: Assets/Infima Games/Low Poly Shooter Pack - Free Sample/Animators/Weapons/OC_LPSP_WEP_AR_01.overrideController
  artifactKey: Guid(290925d56c590904889ea4825dd212b8) Importer(815301076,1909f56bfc062723c751e8b465ee728b)
Start importing Assets/Infima Games/Low Poly Shooter Pack - Free Sample/Animators/Weapons/OC_LPSP_WEP_AR_01.overrideController using Guid(290925d56c590904889ea4825dd212b8) Importer(815301076,1909f56bfc062723c751e8b465ee728b)  -> (artifact id: 'da13b2e4a472c8622c6db5292bd12ec0') in 0.045878 seconds
  Import took 0.051361 seconds .

========================================================================
Received Import Request.
  Time since last request: 0.000573 seconds.
  path: Assets/Infima Games/Low Poly Shooter Pack - Free Sample
  artifactKey: Guid(6417c31b57a1b5b4695ce6ea8771a948) Importer(815301076,1909f56bfc062723c751e8b465ee728b)
Start importing Assets/Infima Games/Low Poly Shooter Pack - Free Sample using Guid(6417c31b57a1b5b4695ce6ea8771a948) Importer(815301076,1909f56bfc062723c751e8b465ee728b)  -> (artifact id: 'a57030c7a8c573a8863967ea458aa2d0') in 0.011428 seconds
  Import took 0.015683 seconds .

========================================================================
Received Import Request.
  Time since last request: 0.000566 seconds.
  path: Assets/Infima Games/Low Poly Shooter Pack - Free Sample/Animators
  artifactKey: Guid(3d16b0be76a52224ebfec7278b802b8a) Importer(815301076,1909f56bfc062723c751e8b465ee728b)
Start importing Assets/Infima Games/Low Poly Shooter Pack - Free Sample/Animators using Guid(3d16b0be76a52224ebfec7278b802b8a) Importer(815301076,1909f56bfc062723c751e8b465ee728b)  -> (artifact id: '7566a1178ff1a9131603ad62421dc03a') in 0.010093 seconds
  Import took 0.015483 seconds .

========================================================================
Received Import Request.
  Time since last request: 0.000514 seconds.
  path: Assets/Infima Games/Low Poly Shooter Pack - Free Sample/Animators/Weapons
  artifactKey: Guid(b563b52fcbc33b44a9fc643b12659af6) Importer(815301076,1909f56bfc062723c751e8b465ee728b)
Start importing Assets/Infima Games/Low Poly Shooter Pack - Free Sample/Animators/Weapons using Guid(b563b52fcbc33b44a9fc643b12659af6) Importer(815301076,1909f56bfc062723c751e8b465ee728b)  -> (artifact id: 'fc1f868f044a73ede166a1fb568d637e') in 0.010784 seconds
  Import took 0.017163 seconds .

========================================================================
Received Import Request.
  Time since last request: 0.000606 seconds.
  path: Assets/Infima Games/Low Poly Shooter Pack - Free Sample/Animators/Weapons/AC_LPSP_WEP.controller
  artifactKey: Guid(3f50821f7ef123c45bf544bf7626e7e0) Importer(815301076,1909f56bfc062723c751e8b465ee728b)
Start importing Assets/Infima Games/Low Poly Shooter Pack - Free Sample/Animators/Weapons/AC_LPSP_WEP.controller using Guid(3f50821f7ef123c45bf544bf7626e7e0) Importer(815301076,1909f56bfc062723c751e8b465ee728b)  -> (artifact id: 'c9b5f076309943fd1de05dc0317f269e') in 0.017384 seconds
  Import took 0.023856 seconds .

========================================================================
Received Import Request.
  Time since last request: 0.000571 seconds.
  path: Assets/Infima Games/Low Poly Shooter Pack - Free Sample/Animators/Weapons/OC_LPSP_WEP_Handgun_03.overrideController
  artifactKey: Guid(d0f061f165597314d870681ebaff4ca9) Importer(815301076,1909f56bfc062723c751e8b465ee728b)
Start importing Assets/Infima Games/Low Poly Shooter Pack - Free Sample/Animators/Weapons/OC_LPSP_WEP_Handgun_03.overrideController using Guid(d0f061f165597314d870681ebaff4ca9) Importer(815301076,1909f56bfc062723c751e8b465ee728b)  -> (artifact id: 'b43a36b5df00c65aa2b4a042777bcbbe') in 0.020880 seconds
  Import took 0.028466 seconds .

========================================================================
Received Import Request.
  Time since last request: 61.747556 seconds.
  path: Assets/Infima Games/Low Poly Shooter Pack - Free Sample/Code
  artifactKey: Guid(cbc11f639dd60b94eba5c785c78b68a1) Importer(815301076,1909f56bfc062723c751e8b465ee728b)
Start importing Assets/Infima Games/Low Poly Shooter Pack - Free Sample/Code using Guid(cbc11f639dd60b94eba5c785c78b68a1) Importer(815301076,1909f56bfc062723c751e8b465ee728b)  -> (artifact id: 'a74ca6b1748dc2080b7f49299858bc6e') in 0.010841 seconds
  Import took 0.016000 seconds .

========================================================================
Received Import Request.
  Time since last request: 3.992661 seconds.
  path: Assets/Infima Games/Low Poly Shooter Pack - Free Sample/Prefabs
  artifactKey: Guid(885a765a98e57764eae60e46ccd06f42) Importer(815301076,1909f56bfc062723c751e8b465ee728b)
Start importing Assets/Infima Games/Low Poly Shooter Pack - Free Sample/Prefabs using Guid(885a765a98e57764eae60e46ccd06f42) Importer(815301076,1909f56bfc062723c751e8b465ee728b)  -> (artifact id: '9db9a58021e91ce80dbafb2757aecc18') in 0.011913 seconds
  Import took 0.016065 seconds .

========================================================================
Received Import Request.
  Time since last request: 0.066746 seconds.
  path: Assets/Infima Games/Low Poly Shooter Pack - Free Sample/Prefabs/P_LPSP_FP_CH.prefab
  artifactKey: Guid(19eadcf8fbed56b4da77ca94c1b4145f) Importer(815301076,1909f56bfc062723c751e8b465ee728b)
Start importing Assets/Infima Games/Low Poly Shooter Pack - Free Sample/Prefabs/P_LPSP_FP_CH.prefab using Guid(19eadcf8fbed56b4da77ca94c1b4145f) Importer(815301076,1909f56bfc062723c751e8b465ee728b)  -> (artifact id: '6f646e3852bd47b1c9b1870991b2723d') in 4.709258 seconds
  Import took 4.725138 seconds .

========================================================================
Received Import Request.
  Time since last request: 0.000494 seconds.
  path: Assets/Infima Games/Low Poly Shooter Pack - Free Sample/Prefabs/P_LPSP_PP.prefab
  artifactKey: Guid(433fd354326bb6843b7d0d0152bceaad) Importer(815301076,1909f56bfc062723c751e8b465ee728b)
Start importing Assets/Infima Games/Low Poly Shooter Pack - Free Sample/Prefabs/P_LPSP_PP.prefab using Guid(433fd354326bb6843b7d0d0152bceaad) Importer(815301076,1909f56bfc062723c751e8b465ee728b)  -> (artifact id: '74cc26cf383113a3355054c19b84a00d') in 0.038855 seconds
  Import took 0.044503 seconds .

========================================================================
Received Import Request.
  Time since last request: 6.889843 seconds.
  path: Assets/Infima Games/Low Poly Shooter Pack - Free Sample/Prefabs/Weapons
  artifactKey: Guid(960695526ae71be47ac8c6f48ba65214) Importer(815301076,1909f56bfc062723c751e8b465ee728b)
Start importing Assets/Infima Games/Low Poly Shooter Pack - Free Sample/Prefabs/Weapons using Guid(960695526ae71be47ac8c6f48ba65214) Importer(815301076,1909f56bfc062723c751e8b465ee728b)  -> (artifact id: 'd31fc429b57ed0ee0a2fcb4a4af07997') in 0.004362 seconds
  Import took 0.015568 seconds .

========================================================================
Received Import Request.
  Time since last request: 0.057194 seconds.
  path: Assets/Infima Games/Low Poly Shooter Pack - Free Sample/Prefabs/Weapons/P_LPSP_Inventory.prefab
  artifactKey: Guid(9482e0a2ae6a92742bbe72e00f29f763) Importer(815301076,1909f56bfc062723c751e8b465ee728b)
Start importing Assets/Infima Games/Low Poly Shooter Pack - Free Sample/Prefabs/Weapons/P_LPSP_Inventory.prefab using Guid(9482e0a2ae6a92742bbe72e00f29f763) Importer(815301076,1909f56bfc062723c751e8b465ee728b)  -> (artifact id: '063d2325aa3e5403ef52a0cd21d6e9f9') in 3.136983 seconds
  Import took 3.149440 seconds .

========================================================================
Received Import Request.
  Time since last request: 0.000641 seconds.
  path: Assets/Infima Games/Low Poly Shooter Pack - Free Sample/Prefabs/Weapons/P_LPSP_WEP_AR_01.prefab
  artifactKey: Guid(8c7ba79f8ec05794aba7ffdd3d8aba93) Importer(815301076,1909f56bfc062723c751e8b465ee728b)
Start importing Assets/Infima Games/Low Poly Shooter Pack - Free Sample/Prefabs/Weapons/P_LPSP_WEP_AR_01.prefab using Guid(8c7ba79f8ec05794aba7ffdd3d8aba93) Importer(815301076,1909f56bfc062723c751e8b465ee728b)  -> (artifact id: 'a389fd2a0fe98726d2a6d4d04fd4c9b9') in 3.539519 seconds
  Import took 3.548273 seconds .

========================================================================
Received Import Request.
  Time since last request: 0.000722 seconds.
  path: Assets/Infima Games/Low Poly Shooter Pack - Free Sample/Prefabs/Weapons/P_LPSP_WEP_Handgun_03.prefab
  artifactKey: Guid(464d2b315a1ed6b408948cc2fc04e8f7) Importer(815301076,1909f56bfc062723c751e8b465ee728b)
Start importing Assets/Infima Games/Low Poly Shooter Pack - Free Sample/Prefabs/Weapons/P_LPSP_WEP_Handgun_03.prefab using Guid(464d2b315a1ed6b408948cc2fc04e8f7) Importer(815301076,1909f56bfc062723c751e8b465ee728b)  -> (artifact id: '8191cc9b52fff2a910be62ca4507544e') in 3.584662 seconds
  Import took 3.595829 seconds .

========================================================================
Received Prepare
Registering precompiled user dll's ...
Registered in 0.005642 seconds.
Begin MonoManager ReloadAssembly
Native extension for WindowsStandalone target not found
Refreshing native plugins compatible for Editor in 0.82 ms, found 0 plugins.
Preloading 0 native plugins for Editor in 0.00 ms.
Invoked RoslynAnalysisRunner static constructor.
RoslynAnalysisRunner will not be running.
RoslynAnalysisRunner has terminated.
Mono: successfully reloaded assembly
- Completed reload, in  1.618 seconds
Platform modules already initialized, skipping
Refreshing native plugins compatible for Editor in 0.94 ms, found 0 plugins.
Preloading 0 native plugins for Editor in 0.00 ms.
Unloading 2057 Unused Serialized files (Serialized files now loaded: 0)
System memory in use before: 106.7 MB.
System memory in use after: 106.8 MB.

Unloading 14 unused Assets to reduce memory usage. Loaded Objects now: 2560.
Total: 4.168400 ms (FindLiveObjects: 0.446200 ms CreateObjectMapping: 0.208400 ms MarkObjects: 3.481500 ms  DeleteObjects: 0.030800 ms)

========================================================================
Received Prepare
Registering precompiled user dll's ...
Registered in 0.005482 seconds.
Begin MonoManager ReloadAssembly
Native extension for WindowsStandalone target not found
Refreshing native plugins compatible for Editor in 0.68 ms, found 0 plugins.
Preloading 0 native plugins for Editor in 0.00 ms.
Invoked RoslynAnalysisRunner static constructor.
RoslynAnalysisRunner will not be running.
RoslynAnalysisRunner has terminated.
Mono: successfully reloaded assembly
- Completed reload, in  1.074 seconds
Platform modules already initialized, skipping
Refreshing native plugins compatible for Editor in 0.48 ms, found 0 plugins.
Preloading 0 native plugins for Editor in 0.00 ms.
Unloading 2057 Unused Serialized files (Serialized files now loaded: 0)
System memory in use before: 106.8 MB.
System memory in use after: 106.9 MB.

Unloading 14 unused Assets to reduce memory usage. Loaded Objects now: 2563.
Total: 4.545300 ms (FindLiveObjects: 0.238700 ms CreateObjectMapping: 0.112100 ms MarkObjects: 4.161400 ms  DeleteObjects: 0.031400 ms)

========================================================================
Received Prepare
Registering precompiled user dll's ...
Registered in 0.004842 seconds.
Begin MonoManager ReloadAssembly
Native extension for WindowsStandalone target not found
Refreshing native plugins compatible for Editor in 0.44 ms, found 0 plugins.
Preloading 0 native plugins for Editor in 0.00 ms.
Invoked RoslynAnalysisRunner static constructor.
RoslynAnalysisRunner will not be running.
RoslynAnalysisRunner has terminated.
Mono: successfully reloaded assembly
- Completed reload, in  1.120 seconds
Platform modules already initialized, skipping
Refreshing native plugins compatible for Editor in 0.63 ms, found 0 plugins.
Preloading 0 native plugins for Editor in 0.00 ms.
Unloading 2057 Unused Serialized files (Serialized files now loaded: 0)
System memory in use before: 106.8 MB.
System memory in use after: 106.9 MB.

Unloading 14 unused Assets to reduce memory usage. Loaded Objects now: 2566.
Total: 2.319000 ms (FindLiveObjects: 0.232500 ms CreateObjectMapping: 0.101500 ms MarkObjects: 1.953900 ms  DeleteObjects: 0.029000 ms)

========================================================================
Received Prepare
Registering precompiled user dll's ...
Registered in 0.003723 seconds.
Begin MonoManager ReloadAssembly
Native extension for WindowsStandalone target not found
Refreshing native plugins compatible for Editor in 0.46 ms, found 0 plugins.
Preloading 0 native plugins for Editor in 0.00 ms.
Invoked RoslynAnalysisRunner static constructor.
RoslynAnalysisRunner will not be running.
RoslynAnalysisRunner has terminated.
Mono: successfully reloaded assembly
- Completed reload, in  1.182 seconds
Platform modules already initialized, skipping
Refreshing native plugins compatible for Editor in 0.59 ms, found 0 plugins.
Preloading 0 native plugins for Editor in 0.00 ms.
Unloading 2057 Unused Serialized files (Serialized files now loaded: 0)
System memory in use before: 106.8 MB.
System memory in use after: 106.9 MB.

Unloading 14 unused Assets to reduce memory usage. Loaded Objects now: 2569.
Total: 3.119000 ms (FindLiveObjects: 0.461500 ms CreateObjectMapping: 0.176700 ms MarkObjects: 2.454200 ms  DeleteObjects: 0.024700 ms)

========================================================================
Received Prepare
Registering precompiled user dll's ...
Registered in 0.005290 seconds.
Begin MonoManager ReloadAssembly
Native extension for WindowsStandalone target not found
Refreshing native plugins compatible for Editor in 0.45 ms, found 0 plugins.
Preloading 0 native plugins for Editor in 0.00 ms.
Invoked RoslynAnalysisRunner static constructor.
RoslynAnalysisRunner will not be running.
RoslynAnalysisRunner has terminated.
Mono: successfully reloaded assembly
- Completed reload, in  1.183 seconds
Platform modules already initialized, skipping
Refreshing native plugins compatible for Editor in 0.60 ms, found 0 plugins.
Preloading 0 native plugins for Editor in 0.00 ms.
Unloading 2057 Unused Serialized files (Serialized files now loaded: 0)
System memory in use before: 106.8 MB.
System memory in use after: 106.9 MB.

Unloading 14 unused Assets to reduce memory usage. Loaded Objects now: 2572.
Total: 3.289300 ms (FindLiveObjects: 0.359700 ms CreateObjectMapping: 0.122300 ms MarkObjects: 2.777400 ms  DeleteObjects: 0.028300 ms)

========================================================================
Received Import Request.
  Time since last request: 834.368433 seconds.
  path: ProjectSettings/TagManager.asset
  artifactKey: Guid(00000000000000003000000000000000) Importer(815301076,1909f56bfc062723c751e8b465ee728b)
Start importing ProjectSettings/TagManager.asset using Guid(00000000000000003000000000000000) Importer(815301076,1909f56bfc062723c751e8b465ee728b)  -> (artifact id: '83eb3f9a50f52fa8e8f4e5b351684cdf') in 0.035315 seconds
  Import took 0.042833 seconds .

========================================================================
Received Import Request.
  Time since last request: 0.001813 seconds.
  path: ProjectSettings/TagManager.asset
  artifactKey: Guid(00000000000000003000000000000000) Importer(815301076,1909f56bfc062723c751e8b465ee728b)
Start importing ProjectSettings/TagManager.asset using Guid(00000000000000003000000000000000) Importer(815301076,1909f56bfc062723c751e8b465ee728b)  -> (artifact id: '83eb3f9a50f52fa8e8f4e5b351684cdf') in 0.002852 seconds
  Import took 0.007101 seconds .

========================================================================
Received Prepare
Registering precompiled user dll's ...
Registered in 0.008190 seconds.
Begin MonoManager ReloadAssembly
Native extension for WindowsStandalone target not found
Refreshing native plugins compatible for Editor in 0.56 ms, found 0 plugins.
Preloading 0 native plugins for Editor in 0.00 ms.
Invoked RoslynAnalysisRunner static constructor.
RoslynAnalysisRunner will not be running.
RoslynAnalysisRunner has terminated.
Mono: successfully reloaded assembly
- Completed reload, in  1.056 seconds
Platform modules already initialized, skipping
Refreshing native plugins compatible for Editor in 0.51 ms, found 0 plugins.
Preloading 0 native plugins for Editor in 0.00 ms.
Unloading 2057 Unused Serialized files (Serialized files now loaded: 0)
System memory in use before: 106.8 MB.
System memory in use after: 107.0 MB.

Unloading 16 unused Assets to reduce memory usage. Loaded Objects now: 2575.
Total: 3.139600 ms (FindLiveObjects: 0.346800 ms CreateObjectMapping: 0.146000 ms MarkObjects: 2.613200 ms  DeleteObjects: 0.031900 ms)

========================================================================
Received Prepare
Registering precompiled user dll's ...
Registered in 0.007447 seconds.
Begin MonoManager ReloadAssembly
Native extension for WindowsStandalone target not found
Refreshing native plugins compatible for Editor in 0.50 ms, found 0 plugins.
Preloading 0 native plugins for Editor in 0.00 ms.
Invoked RoslynAnalysisRunner static constructor.
RoslynAnalysisRunner will not be running.
RoslynAnalysisRunner has terminated.
Mono: successfully reloaded assembly
- Completed reload, in  1.408 seconds
Platform modules already initialized, skipping
Refreshing native plugins compatible for Editor in 0.45 ms, found 0 plugins.
Preloading 0 native plugins for Editor in 0.00 ms.
Unloading 2057 Unused Serialized files (Serialized files now loaded: 0)
System memory in use before: 106.8 MB.
System memory in use after: 106.9 MB.

Unloading 14 unused Assets to reduce memory usage. Loaded Objects now: 2578.
Total: 3.158100 ms (FindLiveObjects: 0.304800 ms CreateObjectMapping: 0.103800 ms MarkObjects: 2.721900 ms  DeleteObjects: 0.025400 ms)

========================================================================
Received Prepare
Registering precompiled user dll's ...
Registered in 0.014897 seconds.
Begin MonoManager ReloadAssembly
Native extension for WindowsStandalone target not found
Refreshing native plugins compatible for Editor in 0.49 ms, found 0 plugins.
Preloading 0 native plugins for Editor in 0.00 ms.
Invoked RoslynAnalysisRunner static constructor.
RoslynAnalysisRunner will not be running.
RoslynAnalysisRunner has terminated.
Mono: successfully reloaded assembly
- Completed reload, in  1.458 seconds
Platform modules already initialized, skipping
Refreshing native plugins compatible for Editor in 1.00 ms, found 0 plugins.
Preloading 0 native plugins for Editor in 0.00 ms.
Unloading 2057 Unused Serialized files (Serialized files now loaded: 0)
System memory in use before: 106.8 MB.
System memory in use after: 107.0 MB.

Unloading 14 unused Assets to reduce memory usage. Loaded Objects now: 2581.
Total: 4.984800 ms (FindLiveObjects: 0.809300 ms CreateObjectMapping: 0.166500 ms MarkObjects: 3.846500 ms  DeleteObjects: 0.159900 ms)

